Start testing: Jun 02 20:06 UTC
----------------------------------------------------------
1/13 Testing: MatrixMultiplicationTest.TestMultiplyMatrices
1/13 Test: MatrixMultiplicationTest.TestMultiplyMatrices
Command: "/home/jellyfish/shared-folder/SWENG2/SwEng-Project-/build/test_multiplication" "--gtest_filter=MatrixMultiplicationTest.TestMultiplyMatrices" "--gtest_also_run_disabled_tests"
Directory: /home/jellyfish/shared-folder/SWENG2/SwEng-Project-/build
"MatrixMultiplicationTest.TestMultiplyMatrices" start time: Jun 02 20:06 UTC
Output:
----------------------------------------------------------
Note: Google Test filter = MatrixMultiplicationTest.TestMultiplyMatrices
[==========] Running 1 test from 1 test suite.
[----------] Global test environment set-up.
[----------] 1 test from MatrixMultiplicationTest
[ RUN      ] MatrixMultiplicationTest.TestMultiplyMatrices
Error 6: Result matrix contains a number bigger than 100!
Error 6: Result matrix contains a number bigger than 100!
Error 12: The number of rows in A is equal to the number of columns in B!
Error 14: The result matrix C has an even number of rows!
Error 20: Number of columns in matrix A is odd!
/home/jellyfish/shared-folder/SWENG2/SwEng-Project-/test/test_matrix_multiplication.cpp:36: Failure
Expected equality of these values:
  C
    Which is: { { 58, 64 }, { 143, 161 } }
  expected
    Which is: { { 58, 64 }, { 139, 154 } }
Matrix multiplication test failed! :(((()

[  FAILED  ] MatrixMultiplicationTest.TestMultiplyMatrices (0 ms)
[----------] 1 test from MatrixMultiplicationTest (0 ms total)

[----------] Global test environment tear-down
[==========] 1 test from 1 test suite ran. (0 ms total)
[  PASSED  ] 0 tests.
[  FAILED  ] 1 test, listed below:
[  FAILED  ] MatrixMultiplicationTest.TestMultiplyMatrices

 1 FAILED TEST
<end of output>
Test time =   0.00 sec
----------------------------------------------------------
Test Failed.
"MatrixMultiplicationTest.TestMultiplyMatrices" end time: Jun 02 20:06 UTC
"MatrixMultiplicationTest.TestMultiplyMatrices" time elapsed: 00:00:00
----------------------------------------------------------

2/13 Testing: MatrixMultiplicationTest.TestMultiplyMatrices1
2/13 Test: MatrixMultiplicationTest.TestMultiplyMatrices1
Command: "/home/jellyfish/shared-folder/SWENG2/SwEng-Project-/build/test_multiplication" "--gtest_filter=MatrixMultiplicationTest.TestMultiplyMatrices1" "--gtest_also_run_disabled_tests"
Directory: /home/jellyfish/shared-folder/SWENG2/SwEng-Project-/build
"MatrixMultiplicationTest.TestMultiplyMatrices1" start time: Jun 02 20:06 UTC
Output:
----------------------------------------------------------
Note: Google Test filter = MatrixMultiplicationTest.TestMultiplyMatrices1
[==========] Running 1 test from 1 test suite.
[----------] Global test environment set-up.
[----------] 1 test from MatrixMultiplicationTest
[ RUN      ] MatrixMultiplicationTest.TestMultiplyMatrices1
Error 4: Matrix B contains the number 3!
Error 7: Result matrix contains a number between 11 and 20!
Error 4: Matrix B contains the number 3!
Error 7: Result matrix contains a number between 11 and 20!
Error 7: Result matrix contains a number between 11 and 20!
Error 4: Matrix B contains the number 3!
Error 12: The number of rows in A is equal to the number of columns in B!
Error 18: Matrix A is a square matrix!
Error 20: Number of columns in matrix A is odd!
/home/jellyfish/shared-folder/SWENG2/SwEng-Project-/test/test_matrix_multiplication.cpp:74: Failure
Expected equality of these values:
  C
    Which is: { { 7, 8, 21 }, { 9, 10, 23 }, { 11, 16, 9 } }
  expected
    Which is: { { 7, 8, 10 }, { 9, 10, 9 }, { 11, 12, 3 } }
Matrix multiplication test failed! :(((()

[  FAILED  ] MatrixMultiplicationTest.TestMultiplyMatrices1 (0 ms)
[----------] 1 test from MatrixMultiplicationTest (0 ms total)

[----------] Global test environment tear-down
[==========] 1 test from 1 test suite ran. (0 ms total)
[  PASSED  ] 0 tests.
[  FAILED  ] 1 test, listed below:
[  FAILED  ] MatrixMultiplicationTest.TestMultiplyMatrices1

 1 FAILED TEST
<end of output>
Test time =   0.00 sec
----------------------------------------------------------
Test Failed.
"MatrixMultiplicationTest.TestMultiplyMatrices1" end time: Jun 02 20:06 UTC
"MatrixMultiplicationTest.TestMultiplyMatrices1" time elapsed: 00:00:00
----------------------------------------------------------

3/13 Testing: MatrixMultiplicationTest.TestMultiplyMatrices2
3/13 Test: MatrixMultiplicationTest.TestMultiplyMatrices2
Command: "/home/jellyfish/shared-folder/SWENG2/SwEng-Project-/build/test_multiplication" "--gtest_filter=MatrixMultiplicationTest.TestMultiplyMatrices2" "--gtest_also_run_disabled_tests"
Directory: /home/jellyfish/shared-folder/SWENG2/SwEng-Project-/build
"MatrixMultiplicationTest.TestMultiplyMatrices2" start time: Jun 02 20:06 UTC
Output:
----------------------------------------------------------
Note: Google Test filter = MatrixMultiplicationTest.TestMultiplyMatrices2
[==========] Running 1 test from 1 test suite.
[----------] Global test environment set-up.
[----------] 1 test from MatrixMultiplicationTest
[ RUN      ] MatrixMultiplicationTest.TestMultiplyMatrices2
Error 1: Element-wise multiplication of ones detected!
Error 4: Matrix B contains the number 3!
Error 7: Result matrix contains a number between 11 and 20!
Error 8: Result matrix contains zero!
Error 8: Result matrix contains zero!
Error 8: Result matrix contains zero!
Error 8: Result matrix contains zero!
Error 8: Result matrix contains zero!
Error 4: Matrix B contains the number 3!
Error 1: Element-wise multiplication of ones detected!
Error 8: Result matrix contains zero!
Error 8: Result matrix contains zero!
Error 8: Result matrix contains zero!
Error 8: Result matrix contains zero!
Error 4: Matrix B contains the number 3!
Error 8: Result matrix contains zero!
Error 1: Element-wise multiplication of ones detected!
Error 8: Result matrix contains zero!
Error 8: Result matrix contains zero!
Error 8: Result matrix contains zero!
Error 4: Matrix B contains the number 3!
Error 8: Result matrix contains zero!
Error 8: Result matrix contains zero!
Error 1: Element-wise multiplication of ones detected!
Error 8: Result matrix contains zero!
Error 8: Result matrix contains zero!
Error 4: Matrix B contains the number 3!
Error 8: Result matrix contains zero!
Error 8: Result matrix contains zero!
Error 8: Result matrix contains zero!
Error 1: Element-wise multiplication of ones detected!
Error 8: Result matrix contains zero!
Error 4: Matrix B contains the number 3!
Error 8: Result matrix contains zero!
Error 8: Result matrix contains zero!
Error 8: Result matrix contains zero!
Error 8: Result matrix contains zero!
Error 1: Element-wise multiplication of ones detected!
Error 11: Every row in matrix B contains at least one '0'!
Error 12: The number of rows in A is equal to the number of columns in B!
Error 13: The first element of matrix A is equal to the first element of matrix B!
Error 14: The result matrix C has an even number of rows!
Error 18: Matrix A is a square matrix!
/home/jellyfish/shared-folder/SWENG2/SwEng-Project-/test/test_matrix_multiplication.cpp:142: Failure
Expected equality of these values:
  C
    Which is: { { 20, 6, 4, 6, 7, 3 }, { 10, 3, 3, 8, 1, 10 }, { 4, 7, 2, 7, 3, 7 }, { 2, 9, 8, 11, 3, 1 }, { 3, 4, 8, 6, 11, 3 }, { 6, 9, 10, 8, 4, 8 } }
  expected
    Which is: { { 1, 0, 0, 0, 0, 0 }, { 0, 1, 0, 0, 0, 0 }, { 0, 0, 1, 0, 0, 0 }, { 0, 0, 0, 1, 0, 0 }, { 0, 0, 0, 0, 1, 0 }, { 3, 0, 0, 0, 0, 1 } }
Matrix multiplication test failed! :(((()

[  FAILED  ] MatrixMultiplicationTest.TestMultiplyMatrices2 (0 ms)
[----------] 1 test from MatrixMultiplicationTest (0 ms total)

[----------] Global test environment tear-down
[==========] 1 test from 1 test suite ran. (0 ms total)
[  PASSED  ] 0 tests.
[  FAILED  ] 1 test, listed below:
[  FAILED  ] MatrixMultiplicationTest.TestMultiplyMatrices2

 1 FAILED TEST
<end of output>
Test time =   0.00 sec
----------------------------------------------------------
Test Failed.
"MatrixMultiplicationTest.TestMultiplyMatrices2" end time: Jun 02 20:06 UTC
"MatrixMultiplicationTest.TestMultiplyMatrices2" time elapsed: 00:00:00
----------------------------------------------------------

4/13 Testing: MatrixMultiplicationTest.TestMultiplyMatrices3
4/13 Test: MatrixMultiplicationTest.TestMultiplyMatrices3
Command: "/home/jellyfish/shared-folder/SWENG2/SwEng-Project-/build/test_multiplication" "--gtest_filter=MatrixMultiplicationTest.TestMultiplyMatrices3" "--gtest_also_run_disabled_tests"
Directory: /home/jellyfish/shared-folder/SWENG2/SwEng-Project-/build
"MatrixMultiplicationTest.TestMultiplyMatrices3" start time: Jun 02 20:06 UTC
Output:
----------------------------------------------------------
Note: Google Test filter = MatrixMultiplicationTest.TestMultiplyMatrices3
[==========] Running 1 test from 1 test suite.
[----------] Global test environment set-up.
[----------] 1 test from MatrixMultiplicationTest
[ RUN      ] MatrixMultiplicationTest.TestMultiplyMatrices3
Error 4: Matrix B contains the number 3!
Error 8: Result matrix contains zero!
Error 8: Result matrix contains zero!
Error 8: Result matrix contains zero!
Error 8: Result matrix contains zero!
Error 8: Result matrix contains zero!
Error 4: Matrix B contains the number 3!
Error 1: Element-wise multiplication of ones detected!
Error 8: Result matrix contains zero!
Error 8: Result matrix contains zero!
Error 8: Result matrix contains zero!
Error 8: Result matrix contains zero!
Error 4: Matrix B contains the number 3!
Error 8: Result matrix contains zero!
Error 1: Element-wise multiplication of ones detected!
Error 8: Result matrix contains zero!
Error 8: Result matrix contains zero!
Error 8: Result matrix contains zero!
Error 4: Matrix B contains the number 3!
Error 8: Result matrix contains zero!
Error 8: Result matrix contains zero!
Error 1: Element-wise multiplication of ones detected!
Error 8: Result matrix contains zero!
Error 8: Result matrix contains zero!
Error 4: Matrix B contains the number 3!
Error 8: Result matrix contains zero!
Error 8: Result matrix contains zero!
Error 8: Result matrix contains zero!
Error 1: Element-wise multiplication of ones detected!
Error 8: Result matrix contains zero!
Error 4: Matrix B contains the number 3!
Error 8: Result matrix contains zero!
Error 8: Result matrix contains zero!
Error 8: Result matrix contains zero!
Error 8: Result matrix contains zero!
Error 1: Element-wise multiplication of ones detected!
Error 11: Every row in matrix B contains at least one '0'!
Error 12: The number of rows in A is equal to the number of columns in B!
Error 14: The result matrix C has an even number of rows!
Error 18: Matrix A is a square matrix!
/home/jellyfish/shared-folder/SWENG2/SwEng-Project-/test/test_matrix_multiplication.cpp:242: Failure
Expected equality of these values:
  C
    Which is: { { 7, 7, 8, 6, 4, 6 }, { 7, 4, 10, 2, 3, 8 }, { 1, 10, 5, 7, 1, 7 }, { 3, 7, 2, 10, 8, 10 }, { 3, 1, 3, 4, 9, 6 }, { 10, 3, 3, 9, 10, 9 } }
  expected
    Which is: { { 3, 0, 0, 0, 0, 0 }, { 0, 1, 0, 0, 0, 0 }, { 0, 0, 1, 0, 0, 0 }, { 0, 0, 0, 1, 0, 0 }, { 0, 0, 0, 0, 1, 0 }, { 0, 0, 0, 0, 0, 1 } }
Matrix multiplication test failed! :(((()

[  FAILED  ] MatrixMultiplicationTest.TestMultiplyMatrices3 (0 ms)
[----------] 1 test from MatrixMultiplicationTest (0 ms total)

[----------] Global test environment tear-down
[==========] 1 test from 1 test suite ran. (0 ms total)
[  PASSED  ] 0 tests.
[  FAILED  ] 1 test, listed below:
[  FAILED  ] MatrixMultiplicationTest.TestMultiplyMatrices3

 1 FAILED TEST
<end of output>
Test time =   0.00 sec
----------------------------------------------------------
Test Failed.
"MatrixMultiplicationTest.TestMultiplyMatrices3" end time: Jun 02 20:06 UTC
"MatrixMultiplicationTest.TestMultiplyMatrices3" time elapsed: 00:00:00
----------------------------------------------------------

5/13 Testing: MatrixMultiplicationTest.TestMultiplyMatrices4
5/13 Test: MatrixMultiplicationTest.TestMultiplyMatrices4
Command: "/home/jellyfish/shared-folder/SWENG2/SwEng-Project-/build/test_multiplication" "--gtest_filter=MatrixMultiplicationTest.TestMultiplyMatrices4" "--gtest_also_run_disabled_tests"
Directory: /home/jellyfish/shared-folder/SWENG2/SwEng-Project-/build
"MatrixMultiplicationTest.TestMultiplyMatrices4" start time: Jun 02 20:06 UTC
Output:
----------------------------------------------------------
Note: Google Test filter = MatrixMultiplicationTest.TestMultiplyMatrices4
[==========] Running 1 test from 1 test suite.
[----------] Global test environment set-up.
[----------] 1 test from MatrixMultiplicationTest
[ RUN      ] MatrixMultiplicationTest.TestMultiplyMatrices4
Error 12: The number of rows in A is equal to the number of columns in B!
[       OK ] MatrixMultiplicationTest.TestMultiplyMatrices4 (0 ms)
[----------] 1 test from MatrixMultiplicationTest (0 ms total)

[----------] Global test environment tear-down
[==========] 1 test from 1 test suite ran. (0 ms total)
[  PASSED  ] 1 test.
<end of output>
Test time =   0.00 sec
----------------------------------------------------------
Test Passed.
"MatrixMultiplicationTest.TestMultiplyMatrices4" end time: Jun 02 20:06 UTC
"MatrixMultiplicationTest.TestMultiplyMatrices4" time elapsed: 00:00:00
----------------------------------------------------------

6/13 Testing: MatrixMultiplicationTest.TestMultiplyMatrices5
6/13 Test: MatrixMultiplicationTest.TestMultiplyMatrices5
Command: "/home/jellyfish/shared-folder/SWENG2/SwEng-Project-/build/test_multiplication" "--gtest_filter=MatrixMultiplicationTest.TestMultiplyMatrices5" "--gtest_also_run_disabled_tests"
Directory: /home/jellyfish/shared-folder/SWENG2/SwEng-Project-/build
"MatrixMultiplicationTest.TestMultiplyMatrices5" start time: Jun 02 20:06 UTC
Output:
----------------------------------------------------------
Note: Google Test filter = MatrixMultiplicationTest.TestMultiplyMatrices5
[==========] Running 1 test from 1 test suite.
[----------] Global test environment set-up.
[----------] 1 test from MatrixMultiplicationTest
[ RUN      ] MatrixMultiplicationTest.TestMultiplyMatrices5
[       OK ] MatrixMultiplicationTest.TestMultiplyMatrices5 (0 ms)
[----------] 1 test from MatrixMultiplicationTest (0 ms total)

[----------] Global test environment tear-down
[==========] 1 test from 1 test suite ran. (0 ms total)
[  PASSED  ] 1 test.
<end of output>
Test time =   0.00 sec
----------------------------------------------------------
Test Passed.
"MatrixMultiplicationTest.TestMultiplyMatrices5" end time: Jun 02 20:06 UTC
"MatrixMultiplicationTest.TestMultiplyMatrices5" time elapsed: 00:00:00
----------------------------------------------------------

7/13 Testing: MatrixMultiplicationTest.TestMultiplyMatrices6
7/13 Test: MatrixMultiplicationTest.TestMultiplyMatrices6
Command: "/home/jellyfish/shared-folder/SWENG2/SwEng-Project-/build/test_multiplication" "--gtest_filter=MatrixMultiplicationTest.TestMultiplyMatrices6" "--gtest_also_run_disabled_tests"
Directory: /home/jellyfish/shared-folder/SWENG2/SwEng-Project-/build
"MatrixMultiplicationTest.TestMultiplyMatrices6" start time: Jun 02 20:06 UTC
Output:
----------------------------------------------------------
Note: Google Test filter = MatrixMultiplicationTest.TestMultiplyMatrices6
[==========] Running 1 test from 1 test suite.
[----------] Global test environment set-up.
[----------] 1 test from MatrixMultiplicationTest
[ RUN      ] MatrixMultiplicationTest.TestMultiplyMatrices6
Error 12: The number of rows in A is equal to the number of columns in B!
Error 14: The result matrix C has an even number of rows!
Error 20: Number of columns in matrix A is odd!
[       OK ] MatrixMultiplicationTest.TestMultiplyMatrices6 (0 ms)
[----------] 1 test from MatrixMultiplicationTest (0 ms total)

[----------] Global test environment tear-down
[==========] 1 test from 1 test suite ran. (0 ms total)
[  PASSED  ] 1 test.
<end of output>
Test time =   0.00 sec
----------------------------------------------------------
Test Passed.
"MatrixMultiplicationTest.TestMultiplyMatrices6" end time: Jun 02 20:06 UTC
"MatrixMultiplicationTest.TestMultiplyMatrices6" time elapsed: 00:00:00
----------------------------------------------------------

8/13 Testing: MatrixMultiplicationTest.TestMultiplyMatrices7
8/13 Test: MatrixMultiplicationTest.TestMultiplyMatrices7
Command: "/home/jellyfish/shared-folder/SWENG2/SwEng-Project-/build/test_multiplication" "--gtest_filter=MatrixMultiplicationTest.TestMultiplyMatrices7" "--gtest_also_run_disabled_tests"
Directory: /home/jellyfish/shared-folder/SWENG2/SwEng-Project-/build
"MatrixMultiplicationTest.TestMultiplyMatrices7" start time: Jun 02 20:06 UTC
Output:
----------------------------------------------------------
Note: Google Test filter = MatrixMultiplicationTest.TestMultiplyMatrices7
[==========] Running 1 test from 1 test suite.
[----------] Global test environment set-up.
[----------] 1 test from MatrixMultiplicationTest
[ RUN      ] MatrixMultiplicationTest.TestMultiplyMatrices7
Error 6: Result matrix contains a number bigger than 100!
Error 6: Result matrix contains a number bigger than 100!
Error 6: Result matrix contains a number bigger than 100!
/home/jellyfish/shared-folder/SWENG2/SwEng-Project-/test/test_matrix_multiplication.cpp:430: Failure
Expected equality of these values:
  C
    Which is: { { 8, 306 }, { 6, 209 }, { 8, 310 } }
  expected
    Which is: { { 8, 302 }, { 6, 202 }, { 8, 302 } }
Matrix multiplication test failed! :(((()

[  FAILED  ] MatrixMultiplicationTest.TestMultiplyMatrices7 (0 ms)
[----------] 1 test from MatrixMultiplicationTest (0 ms total)

[----------] Global test environment tear-down
[==========] 1 test from 1 test suite ran. (0 ms total)
[  PASSED  ] 0 tests.
[  FAILED  ] 1 test, listed below:
[  FAILED  ] MatrixMultiplicationTest.TestMultiplyMatrices7

 1 FAILED TEST
<end of output>
Test time =   0.01 sec
----------------------------------------------------------
Test Failed.
"MatrixMultiplicationTest.TestMultiplyMatrices7" end time: Jun 02 20:06 UTC
"MatrixMultiplicationTest.TestMultiplyMatrices7" time elapsed: 00:00:00
----------------------------------------------------------

9/13 Testing: MatrixMultiplicationTest.TestMultiplyMatrices8
9/13 Test: MatrixMultiplicationTest.TestMultiplyMatrices8
Command: "/home/jellyfish/shared-folder/SWENG2/SwEng-Project-/build/test_multiplication" "--gtest_filter=MatrixMultiplicationTest.TestMultiplyMatrices8" "--gtest_also_run_disabled_tests"
Directory: /home/jellyfish/shared-folder/SWENG2/SwEng-Project-/build
"MatrixMultiplicationTest.TestMultiplyMatrices8" start time: Jun 02 20:06 UTC
Output:
----------------------------------------------------------
Note: Google Test filter = MatrixMultiplicationTest.TestMultiplyMatrices8
[==========] Running 1 test from 1 test suite.
[----------] Global test environment set-up.
[----------] 1 test from MatrixMultiplicationTest
[ RUN      ] MatrixMultiplicationTest.TestMultiplyMatrices8
Error 6: Result matrix contains a number bigger than 100!
Error 6: Result matrix contains a number bigger than 100!
Error 6: Result matrix contains a number bigger than 100!
Error 6: Result matrix contains a number bigger than 100!
Error 6: Result matrix contains a number bigger than 100!
Error 6: Result matrix contains a number bigger than 100!
Error 6: Result matrix contains a number bigger than 100!
Error 6: Result matrix contains a number bigger than 100!
Error 6: Result matrix contains a number bigger than 100!
Error 6: Result matrix contains a number bigger than 100!
Error 6: Result matrix contains a number bigger than 100!
Error 6: Result matrix contains a number bigger than 100!
Error 6: Result matrix contains a number bigger than 100!
Error 6: Result matrix contains a number bigger than 100!
Error 6: Result matrix contains a number bigger than 100!
Error 6: Result matrix contains a number bigger than 100!
Error 6: Result matrix contains a number bigger than 100!
/home/jellyfish/shared-folder/SWENG2/SwEng-Project-/test/test_matrix_multiplication.cpp:486: Failure
Expected equality of these values:
  C
    Which is: { { 8, 306 }, { 6, 209 }, { 8, 310 }, { 8, 308 }, { 6, 206 }, { 8, 308 }, { 8, 309 }, { 6, 205 }, { 8, 312 }, { 8, 304 }, { 6, 205 }, { 8, 310 }, { 8, 303 }, { 6, 212 }, { 8, 306 }, { 8, 309 }, { 6, 203 } }
  expected
    Which is: { { 8, 302 }, { 6, 202 }, { 8, 302 }, { 8, 302 }, { 6, 202 }, { 8, 302 }, { 8, 302 }, { 6, 202 }, { 8, 302 }, { 8, 302 }, { 6, 202 }, { 8, 302 }, { 8, 302 }, { 6, 202 }, { 8, 302 }, { 8, 302 }, { 6, 202 } }
Matrix multiplication test failed! :(((()

[  FAILED  ] MatrixMultiplicationTest.TestMultiplyMatrices8 (0 ms)
[----------] 1 test from MatrixMultiplicationTest (0 ms total)

[----------] Global test environment tear-down
[==========] 1 test from 1 test suite ran. (0 ms total)
[  PASSED  ] 0 tests.
[  FAILED  ] 1 test, listed below:
[  FAILED  ] MatrixMultiplicationTest.TestMultiplyMatrices8

 1 FAILED TEST
<end of output>
Test time =   0.00 sec
----------------------------------------------------------
Test Failed.
"MatrixMultiplicationTest.TestMultiplyMatrices8" end time: Jun 02 20:06 UTC
"MatrixMultiplicationTest.TestMultiplyMatrices8" time elapsed: 00:00:00
----------------------------------------------------------

10/13 Testing: MatrixMultiplicationTest.TestMultiplyMatrices9
10/13 Test: MatrixMultiplicationTest.TestMultiplyMatrices9
Command: "/home/jellyfish/shared-folder/SWENG2/SwEng-Project-/build/test_multiplication" "--gtest_filter=MatrixMultiplicationTest.TestMultiplyMatrices9" "--gtest_also_run_disabled_tests"
Directory: /home/jellyfish/shared-folder/SWENG2/SwEng-Project-/build
"MatrixMultiplicationTest.TestMultiplyMatrices9" start time: Jun 02 20:06 UTC
Output:
----------------------------------------------------------
Note: Google Test filter = MatrixMultiplicationTest.TestMultiplyMatrices9
[==========] Running 1 test from 1 test suite.
[----------] Global test environment set-up.
[----------] 1 test from MatrixMultiplicationTest
[ RUN      ] MatrixMultiplicationTest.TestMultiplyMatrices9
Error 6: Result matrix contains a number bigger than 100!
Error 6: Result matrix contains a number bigger than 100!
Error 6: Result matrix contains a number bigger than 100!
Error 6: Result matrix contains a number bigger than 100!
Error 6: Result matrix contains a number bigger than 100!
Error 6: Result matrix contains a number bigger than 100!
Error 6: Result matrix contains a number bigger than 100!
Error 6: Result matrix contains a number bigger than 100!
Error 6: Result matrix contains a number bigger than 100!
Error 6: Result matrix contains a number bigger than 100!
Error 6: Result matrix contains a number bigger than 100!
Error 6: Result matrix contains a number bigger than 100!
Error 6: Result matrix contains a number bigger than 100!
Error 6: Result matrix contains a number bigger than 100!
Error 6: Result matrix contains a number bigger than 100!
Error 6: Result matrix contains a number bigger than 100!
Error 6: Result matrix contains a number bigger than 100!
Error 6: Result matrix contains a number bigger than 100!
Error 6: Result matrix contains a number bigger than 100!
Error 6: Result matrix contains a number bigger than 100!
Error 6: Result matrix contains a number bigger than 100!
Error 6: Result matrix contains a number bigger than 100!
Error 6: Result matrix contains a number bigger than 100!
Error 6: Result matrix contains a number bigger than 100!
Error 6: Result matrix contains a number bigger than 100!
Error 6: Result matrix contains a number bigger than 100!
Error 6: Result matrix contains a number bigger than 100!
Error 6: Result matrix contains a number bigger than 100!
Error 6: Result matrix contains a number bigger than 100!
Error 6: Result matrix contains a number bigger than 100!
Error 6: Result matrix contains a number bigger than 100!
Error 6: Result matrix contains a number bigger than 100!
Error 6: Result matrix contains a number bigger than 100!
Error 6: Result matrix contains a number bigger than 100!
/home/jellyfish/shared-folder/SWENG2/SwEng-Project-/test/test_matrix_multiplication.cpp:559: Failure
Expected equality of these values:
  C
    Which is: { { 110, 309 }, { 112, 208 }, { 110, 308 }, { 113, 305 }, { 114, 204 }, { 109, 310 }, { 107, 312 }, { 108, 209 }, { 107, 309 }, { 109, 309 }, { 106, 211 }, { 114, 312 }, { 109, 303 }, { 107, 206 }, { 114, 308 }, { 116, 305 }, { 107, 211 } }
  expected
    Which is: { { 106, 302 }, { 104, 202 }, { 106, 302 }, { 106, 302 }, { 104, 202 }, { 106, 302 }, { 106, 302 }, { 104, 202 }, { 106, 302 }, { 106, 302 }, { 104, 202 }, { 106, 302 }, { 106, 302 }, { 104, 202 }, { 106, 302 }, { 106, 302 }, { 104, 202 } }
Matrix multiplication test failed! :(((()

[  FAILED  ] MatrixMultiplicationTest.TestMultiplyMatrices9 (0 ms)
[----------] 1 test from MatrixMultiplicationTest (0 ms total)

[----------] Global test environment tear-down
[==========] 1 test from 1 test suite ran. (0 ms total)
[  PASSED  ] 0 tests.
[  FAILED  ] 1 test, listed below:
[  FAILED  ] MatrixMultiplicationTest.TestMultiplyMatrices9

 1 FAILED TEST
<end of output>
Test time =   0.00 sec
----------------------------------------------------------
Test Failed.
"MatrixMultiplicationTest.TestMultiplyMatrices9" end time: Jun 02 20:06 UTC
"MatrixMultiplicationTest.TestMultiplyMatrices9" time elapsed: 00:00:00
----------------------------------------------------------

11/13 Testing: MatrixMultiplicationTest.TestMultiplyMatrices10
11/13 Test: MatrixMultiplicationTest.TestMultiplyMatrices10
Command: "/home/jellyfish/shared-folder/SWENG2/SwEng-Project-/build/test_multiplication" "--gtest_filter=MatrixMultiplicationTest.TestMultiplyMatrices10" "--gtest_also_run_disabled_tests"
Directory: /home/jellyfish/shared-folder/SWENG2/SwEng-Project-/build
"MatrixMultiplicationTest.TestMultiplyMatrices10" start time: Jun 02 20:06 UTC
Output:
----------------------------------------------------------
Note: Google Test filter = MatrixMultiplicationTest.TestMultiplyMatrices10
[==========] Running 1 test from 1 test suite.
[----------] Global test environment set-up.
[----------] 1 test from MatrixMultiplicationTest
[ RUN      ] MatrixMultiplicationTest.TestMultiplyMatrices10
Error 8: Result matrix contains zero!
Error 8: Result matrix contains zero!
Error 8: Result matrix contains zero!
Error 8: Result matrix contains zero!
Error 8: Result matrix contains zero!
Error 8: Result matrix contains zero!
/home/jellyfish/shared-folder/SWENG2/SwEng-Project-/test/test_matrix_multiplication.cpp:649: Failure
Expected equality of these values:
  C
    Which is: { { 4, 7 }, { 8, 6 }, { 4, 6 } }
  expected
    Which is: { { 0, 0 }, { 0, 0 }, { 0, 0 } }
Matrix multiplication test failed! :(((()

[  FAILED  ] MatrixMultiplicationTest.TestMultiplyMatrices10 (0 ms)
[----------] 1 test from MatrixMultiplicationTest (0 ms total)

[----------] Global test environment tear-down
[==========] 1 test from 1 test suite ran. (0 ms total)
[  PASSED  ] 0 tests.
[  FAILED  ] 1 test, listed below:
[  FAILED  ] MatrixMultiplicationTest.TestMultiplyMatrices10

 1 FAILED TEST
<end of output>
Test time =   0.00 sec
----------------------------------------------------------
Test Failed.
"MatrixMultiplicationTest.TestMultiplyMatrices10" end time: Jun 02 20:06 UTC
"MatrixMultiplicationTest.TestMultiplyMatrices10" time elapsed: 00:00:00
----------------------------------------------------------

12/13 Testing: MatrixMultiplicationTest.TestMultiplyMatrices11
12/13 Test: MatrixMultiplicationTest.TestMultiplyMatrices11
Command: "/home/jellyfish/shared-folder/SWENG2/SwEng-Project-/build/test_multiplication" "--gtest_filter=MatrixMultiplicationTest.TestMultiplyMatrices11" "--gtest_also_run_disabled_tests"
Directory: /home/jellyfish/shared-folder/SWENG2/SwEng-Project-/build
"MatrixMultiplicationTest.TestMultiplyMatrices11" start time: Jun 02 20:06 UTC
Output:
----------------------------------------------------------
Note: Google Test filter = MatrixMultiplicationTest.TestMultiplyMatrices11
[==========] Running 1 test from 1 test suite.
[----------] Global test environment set-up.
[----------] 1 test from MatrixMultiplicationTest
[ RUN      ] MatrixMultiplicationTest.TestMultiplyMatrices11
Error 8: Result matrix contains zero!
Error 8: Result matrix contains zero!
Error 6: Result matrix contains a number bigger than 100!
Error 6: Result matrix contains a number bigger than 100!
Error 6: Result matrix contains a number bigger than 100!
Error 6: Result matrix contains a number bigger than 100!
/home/jellyfish/shared-folder/SWENG2/SwEng-Project-/test/test_matrix_multiplication.cpp:701: Failure
Expected equality of these values:
  C
    Which is: { { 4, 7 }, { 208, 506 }, { 554, 206 } }
  expected
    Which is: { { 0, 0 }, { 200, 500 }, { 550, 200 } }
Matrix multiplication test failed! :(((()

[  FAILED  ] MatrixMultiplicationTest.TestMultiplyMatrices11 (0 ms)
[----------] 1 test from MatrixMultiplicationTest (0 ms total)

[----------] Global test environment tear-down
[==========] 1 test from 1 test suite ran. (0 ms total)
[  PASSED  ] 0 tests.
[  FAILED  ] 1 test, listed below:
[  FAILED  ] MatrixMultiplicationTest.TestMultiplyMatrices11

 1 FAILED TEST
<end of output>
Test time =   0.00 sec
----------------------------------------------------------
Test Failed.
"MatrixMultiplicationTest.TestMultiplyMatrices11" end time: Jun 02 20:06 UTC
"MatrixMultiplicationTest.TestMultiplyMatrices11" time elapsed: 00:00:00
----------------------------------------------------------

13/13 Testing: MatrixMultiplicationTest.TestMultiplyMatrices12
13/13 Test: MatrixMultiplicationTest.TestMultiplyMatrices12
Command: "/home/jellyfish/shared-folder/SWENG2/SwEng-Project-/build/test_multiplication" "--gtest_filter=MatrixMultiplicationTest.TestMultiplyMatrices12" "--gtest_also_run_disabled_tests"
Directory: /home/jellyfish/shared-folder/SWENG2/SwEng-Project-/build
"MatrixMultiplicationTest.TestMultiplyMatrices12" start time: Jun 02 20:06 UTC
Output:
----------------------------------------------------------
Note: Google Test filter = MatrixMultiplicationTest.TestMultiplyMatrices12
[==========] Running 1 test from 1 test suite.
[----------] Global test environment set-up.
[----------] 1 test from MatrixMultiplicationTest
[ RUN      ] MatrixMultiplicationTest.TestMultiplyMatrices12
Error 4: Matrix B contains the number 3!
Error 4: Matrix B contains the number 3!
Error 4: Matrix B contains the number 3!
Error 4: Matrix B contains the number 3!
Error 4: Matrix B contains the number 3!
Error 4: Matrix B contains the number 3!
Error 4: Matrix B contains the number 3!
Error 4: Matrix B contains the number 3!
Error 4: Matrix B contains the number 3!
Error 4: Matrix B contains the number 3!
Error 4: Matrix B contains the number 3!
Error 4: Matrix B contains the number 3!
Error 4: Matrix B contains the number 3!
Error 4: Matrix B contains the number 3!
Error 4: Matrix B contains the number 3!
Error 4: Matrix B contains the number 3!
Error 4: Matrix B contains the number 3!
Error 4: Matrix B contains the number 3!
Error 4: Matrix B contains the number 3!
Error 4: Matrix B contains the number 3!
/home/jellyfish/shared-folder/SWENG2/SwEng-Project-/test/test_matrix_multiplication.cpp:750: Failure
Expected equality of these values:
  C
    Which is: { { 83, 62, 60 }, { 76, 55, 51 }, { 60, 35, 40 }, { 41, 26, 29 }, { 50, 41, 45 } }
  expected
    Which is: { { 72, 54, 54 }, { 66, 48, 48 }, { 48, 32, 32 }, { 30, 22, 22 }, { 42, 38, 38 } }
Matrix multiplication test failed! :(((()

[  FAILED  ] MatrixMultiplicationTest.TestMultiplyMatrices12 (0 ms)
[----------] 1 test from MatrixMultiplicationTest (0 ms total)

[----------] Global test environment tear-down
[==========] 1 test from 1 test suite ran. (0 ms total)
[  PASSED  ] 0 tests.
[  FAILED  ] 1 test, listed below:
[  FAILED  ] MatrixMultiplicationTest.TestMultiplyMatrices12

 1 FAILED TEST
<end of output>
Test time =   0.00 sec
----------------------------------------------------------
Test Failed.
"MatrixMultiplicationTest.TestMultiplyMatrices12" end time: Jun 02 20:06 UTC
"MatrixMultiplicationTest.TestMultiplyMatrices12" time elapsed: 00:00:00
----------------------------------------------------------

End testing: Jun 02 20:06 UTC
