Start testing: Jun 04 09:40 UTC
----------------------------------------------------------
1/4 Testing: MatrixMultiplicationTest.TestMultiplyMatrices
1/4 Test: MatrixMultiplicationTest.TestMultiplyMatrices
Command: "/home/jellyfish/shared-folder/SWENG2/SwEng-Project-/build/test_multiplication" "--gtest_filter=MatrixMultiplicationTest.TestMultiplyMatrices" "--gtest_also_run_disabled_tests"
Directory: /home/jellyfish/shared-folder/SWENG2/SwEng-Project-/build
"MatrixMultiplicationTest.TestMultiplyMatrices" start time: Jun 04 09:40 UTC
Output:
----------------------------------------------------------
Note: Google Test filter = MatrixMultiplicationTest.TestMultiplyMatrices
[==========] Running 1 test from 1 test suite.
[----------] Global test environment set-up.
[----------] 1 test from MatrixMultiplicationTest
[ RUN      ] MatrixMultiplicationTest.TestMultiplyMatrices
Error 6: Result matrix contains a number bigger than 100!
Error 6: Result matrix contains a number bigger than 100!
Error 12: The number of rows in A is equal to the number of columns in B!
Error 14: The result matrix C has an even number of rows!
Error 20: Number of columns in matrix A is odd!
/home/jellyfish/shared-folder/SWENG2/SwEng-Project-/test/test_matrix_multiplication.cpp:36: Failure
Expected equality of these values:
  C
    Which is: { { 2078, 64 }, { 143, 161 } }
  expected
    Which is: { { 58, 64 }, { 139, 154 } }
Matrix multiplication test failed! :(((()

[  FAILED  ] MatrixMultiplicationTest.TestMultiplyMatrices (0 ms)
[----------] 1 test from MatrixMultiplicationTest (0 ms total)

[----------] Global test environment tear-down
[==========] 1 test from 1 test suite ran. (0 ms total)
[  PASSED  ] 0 tests.
[  FAILED  ] 1 test, listed below:
[  FAILED  ] MatrixMultiplicationTest.TestMultiplyMatrices

 1 FAILED TEST
<end of output>
Test time =   0.00 sec
----------------------------------------------------------
Test Failed.
"MatrixMultiplicationTest.TestMultiplyMatrices" end time: Jun 04 09:40 UTC
"MatrixMultiplicationTest.TestMultiplyMatrices" time elapsed: 00:00:00
----------------------------------------------------------

2/4 Testing: MatrixMultiplicationTest.TestMultiplyMatrices1
2/4 Test: MatrixMultiplicationTest.TestMultiplyMatrices1
Command: "/home/jellyfish/shared-folder/SWENG2/SwEng-Project-/build/test_multiplication" "--gtest_filter=MatrixMultiplicationTest.TestMultiplyMatrices1" "--gtest_also_run_disabled_tests"
Directory: /home/jellyfish/shared-folder/SWENG2/SwEng-Project-/build
"MatrixMultiplicationTest.TestMultiplyMatrices1" start time: Jun 04 09:40 UTC
Output:
----------------------------------------------------------
Note: Google Test filter = MatrixMultiplicationTest.TestMultiplyMatrices1
[==========] Running 1 test from 1 test suite.
[----------] Global test environment set-up.
[----------] 1 test from MatrixMultiplicationTest
[ RUN      ] MatrixMultiplicationTest.TestMultiplyMatrices1
Error 8: Result matrix contains zero!
Error 8: Result matrix contains zero!
Error 8: Result matrix contains zero!
Error 8: Result matrix contains zero!
Error 8: Result matrix contains zero!
Error 8: Result matrix contains zero!
Error 8: Result matrix contains zero!
Error 8: Result matrix contains zero!
Error 8: Result matrix contains zero!
Error 11: Every row in matrix B contains at least one '0'!
Error 12: The number of rows in A is equal to the number of columns in B!
Error 13: The first element of matrix A is equal to the first element of matrix B!
Error 18: Matrix A is a square matrix!
Error 20: Number of columns in matrix A is odd!
/home/jellyfish/shared-folder/SWENG2/SwEng-Project-/test/test_matrix_multiplication.cpp:63: Failure
Expected equality of these values:
  C
    Which is: { { 2044, 7, 8 }, { 6, 4, 6 }, { 7, 3, 10 } }
  expected
    Which is: { { 0, 0, 0 }, { 0, 0, 0 }, { 0, 0, 0 } }
Matrix multiplication test failed! :(((()

[  FAILED  ] MatrixMultiplicationTest.TestMultiplyMatrices1 (0 ms)
[----------] 1 test from MatrixMultiplicationTest (0 ms total)

[----------] Global test environment tear-down
[==========] 1 test from 1 test suite ran. (0 ms total)
[  PASSED  ] 0 tests.
[  FAILED  ] 1 test, listed below:
[  FAILED  ] MatrixMultiplicationTest.TestMultiplyMatrices1

 1 FAILED TEST
<end of output>
Test time =   0.01 sec
----------------------------------------------------------
Test Failed.
"MatrixMultiplicationTest.TestMultiplyMatrices1" end time: Jun 04 09:40 UTC
"MatrixMultiplicationTest.TestMultiplyMatrices1" time elapsed: 00:00:00
----------------------------------------------------------

3/4 Testing: MatrixMultiplicationTest.TestMultiplyMatrices2
3/4 Test: MatrixMultiplicationTest.TestMultiplyMatrices2
Command: "/home/jellyfish/shared-folder/SWENG2/SwEng-Project-/build/test_multiplication" "--gtest_filter=MatrixMultiplicationTest.TestMultiplyMatrices2" "--gtest_also_run_disabled_tests"
Directory: /home/jellyfish/shared-folder/SWENG2/SwEng-Project-/build
"MatrixMultiplicationTest.TestMultiplyMatrices2" start time: Jun 04 09:40 UTC
Output:
----------------------------------------------------------
Note: Google Test filter = MatrixMultiplicationTest.TestMultiplyMatrices2
[==========] Running 1 test from 1 test suite.
[----------] Global test environment set-up.
[----------] 1 test from MatrixMultiplicationTest
[ RUN      ] MatrixMultiplicationTest.TestMultiplyMatrices2
Error 1: Element-wise multiplication of ones detected!
Error 8: Result matrix contains zero!
Error 8: Result matrix contains zero!
Error 8: Result matrix contains zero!
Error 1: Element-wise multiplication of ones detected!
Error 8: Result matrix contains zero!
Error 8: Result matrix contains zero!
Error 8: Result matrix contains zero!
Error 1: Element-wise multiplication of ones detected!
Error 11: Every row in matrix B contains at least one '0'!
Error 12: The number of rows in A is equal to the number of columns in B!
Error 13: The first element of matrix A is equal to the first element of matrix B!
Error 18: Matrix A is a square matrix!
Error 20: Number of columns in matrix A is odd!
/home/jellyfish/shared-folder/SWENG2/SwEng-Project-/test/test_matrix_multiplication.cpp:90: Failure
Expected equality of these values:
  C
    Which is: { { 2044, 7, 8 }, { 6, 5, 6 }, { 7, 3, 11 } }
  expected
    Which is: { { 1, 0, 0 }, { 0, 1, 0 }, { 0, 0, 1 } }
Matrix multiplication test failed! :(((()

[  FAILED  ] MatrixMultiplicationTest.TestMultiplyMatrices2 (0 ms)
[----------] 1 test from MatrixMultiplicationTest (0 ms total)

[----------] Global test environment tear-down
[==========] 1 test from 1 test suite ran. (0 ms total)
[  PASSED  ] 0 tests.
[  FAILED  ] 1 test, listed below:
[  FAILED  ] MatrixMultiplicationTest.TestMultiplyMatrices2

 1 FAILED TEST
<end of output>
Test time =   0.00 sec
----------------------------------------------------------
Test Failed.
"MatrixMultiplicationTest.TestMultiplyMatrices2" end time: Jun 04 09:40 UTC
"MatrixMultiplicationTest.TestMultiplyMatrices2" time elapsed: 00:00:00
----------------------------------------------------------

4/4 Testing: MatrixMultiplicationTest.TestMultiplyMatrices3
4/4 Test: MatrixMultiplicationTest.TestMultiplyMatrices3
Command: "/home/jellyfish/shared-folder/SWENG2/SwEng-Project-/build/test_multiplication" "--gtest_filter=MatrixMultiplicationTest.TestMultiplyMatrices3" "--gtest_also_run_disabled_tests"
Directory: /home/jellyfish/shared-folder/SWENG2/SwEng-Project-/build
"MatrixMultiplicationTest.TestMultiplyMatrices3" start time: Jun 04 09:40 UTC
Output:
----------------------------------------------------------
Note: Google Test filter = MatrixMultiplicationTest.TestMultiplyMatrices3
[==========] Running 1 test from 1 test suite.
[----------] Global test environment set-up.
[----------] 1 test from MatrixMultiplicationTest
[ RUN      ] MatrixMultiplicationTest.TestMultiplyMatrices3
Error 1: Element-wise multiplication of ones detected!
Error 4: Matrix B contains the number 3!
Error 4: Matrix B contains the number 3!
Error 6: Result matrix contains a number bigger than 100!
Error 2: Matrix A contains the number 7!
Error 6: Result matrix contains a number bigger than 100!
Error 2: Matrix A contains the number 7!
Error 6: Result matrix contains a number bigger than 100!
Error 2: Matrix A contains the number 7!
Error 4: Matrix B contains the number 3!
Error 6: Result matrix contains a number bigger than 100!
Error 12: The number of rows in A is equal to the number of columns in B!
Error 13: The first element of matrix A is equal to the first element of matrix B!
Error 16: Matrix B contains the number 6!
Error 18: Matrix A is a square matrix!
Error 20: Number of columns in matrix A is odd!
/home/jellyfish/shared-folder/SWENG2/SwEng-Project-/test/test_matrix_multiplication.cpp:117: Failure
Expected equality of these values:
  C
    Which is: { { 2011, 36, 49 }, { 66, 81, 110 }, { 112, 136, 165 } }
  expected
    Which is: { { 30, 36, 42 }, { 66, 81, 96 }, { 102, 126, 150 } }
Matrix multiplication test failed! :(((()

[  FAILED  ] MatrixMultiplicationTest.TestMultiplyMatrices3 (0 ms)
[----------] 1 test from MatrixMultiplicationTest (0 ms total)

[----------] Global test environment tear-down
[==========] 1 test from 1 test suite ran. (0 ms total)
[  PASSED  ] 0 tests.
[  FAILED  ] 1 test, listed below:
[  FAILED  ] MatrixMultiplicationTest.TestMultiplyMatrices3

 1 FAILED TEST
<end of output>
Test time =   0.00 sec
----------------------------------------------------------
Test Failed.
"MatrixMultiplicationTest.TestMultiplyMatrices3" end time: Jun 04 09:40 UTC
"MatrixMultiplicationTest.TestMultiplyMatrices3" time elapsed: 00:00:00
----------------------------------------------------------

End testing: Jun 04 09:40 UTC
